<?xml version="1.0" encoding="UTF-8"?>
<coverage generated="1774229352049" clover="3.2.0">
  <project timestamp="1774229352049" name="All files">
    <metrics statements="22" coveredstatements="18" conditionals="10" coveredconditionals="8" methods="9" coveredmethods="8" elements="41" coveredelements="34" complexity="0" loc="22" ncloc="22" packages="3" files="14" classes="14"/>
    <package name="src">
      <metrics statements="11" coveredstatements="8" conditionals="10" coveredconditionals="8" methods="3" coveredmethods="3"/>
      <file name="App.css" path="/home/ubuntu/environment/microservices/bike-app/src/App.css">
        <metrics statements="0" coveredstatements="0" conditionals="0" coveredconditionals="0" methods="0" coveredmethods="0"/>
      </file>
      <file name="App.jsx" path="/home/ubuntu/environment/microservices/bike-app/src/App.jsx">
        <metrics statements="11" coveredstatements="8" conditionals="10" coveredconditionals="8" methods="3" coveredmethods="3"/>
        <line num="14" count="4" type="stmt"/>
        <line num="16" count="4" type="stmt"/>
        <line num="17" count="4" type="cond" truecount="1" falsecount="1"/>
        <line num="18" count="0" type="stmt"/>
        <line num="20" count="4" type="cond" truecount="2" falsecount="0"/>
        <line num="23" count="4" type="stmt"/>
        <line num="24" count="1" type="cond" truecount="3" falsecount="1"/>
        <line num="25" count="0" type="stmt"/>
        <line num="26" count="0" type="stmt"/>
        <line num="28" count="1" type="stmt"/>
        <line num="31" count="4" type="stmt"/>
      </file>
    </package>
    <package name="src.assets.images">
      <metrics statements="0" coveredstatements="0" conditionals="0" coveredconditionals="0" methods="0" coveredmethods="0"/>
      <file name="biking-outdoors.jpeg" path="/home/ubuntu/environment/microservices/bike-app/src/assets/images/biking-outdoors.jpeg">
        <metrics statements="0" coveredstatements="0" conditionals="0" coveredconditionals="0" methods="0" coveredmethods="0"/>
      </file>
      <file name="cassette.jpeg" path="/home/ubuntu/environment/microservices/bike-app/src/assets/images/cassette.jpeg">
        <metrics statements="0" coveredstatements="0" conditionals="0" coveredconditionals="0" methods="0" coveredmethods="0"/>
      </file>
      <file name="chain.jpeg" path="/home/ubuntu/environment/microservices/bike-app/src/assets/images/chain.jpeg">
        <metrics statements="0" coveredstatements="0" conditionals="0" coveredconditionals="0" methods="0" coveredmethods="0"/>
      </file>
      <file name="crank-arm.jpeg" path="/home/ubuntu/environment/microservices/bike-app/src/assets/images/crank-arm.jpeg">
        <metrics statements="0" coveredstatements="0" conditionals="0" coveredconditionals="0" methods="0" coveredmethods="0"/>
      </file>
      <file name="logo-black.png" path="/home/ubuntu/environment/microservices/bike-app/src/assets/images/logo-black.png">
        <metrics statements="0" coveredstatements="0" conditionals="0" coveredconditionals="0" methods="0" coveredmethods="0"/>
      </file>
      <file name="logo-white.png" path="/home/ubuntu/environment/microservices/bike-app/src/assets/images/logo-white.png">
        <metrics statements="0" coveredstatements="0" conditionals="0" coveredconditionals="0" methods="0" coveredmethods="0"/>
      </file>
      <file name="map.jpeg" path="/home/ubuntu/environment/microservices/bike-app/src/assets/images/map.jpeg">
        <metrics statements="0" coveredstatements="0" conditionals="0" coveredconditionals="0" methods="0" coveredmethods="0"/>
      </file>
      <file name="repair.jpeg" path="/home/ubuntu/environment/microservices/bike-app/src/assets/images/repair.jpeg">
        <metrics statements="0" coveredstatements="0" conditionals="0" coveredconditionals="0" methods="0" coveredmethods="0"/>
      </file>
      <file name="specialist.png" path="/home/ubuntu/environment/microservices/bike-app/src/assets/images/specialist.png">
        <metrics statements="0" coveredstatements="0" conditionals="0" coveredconditionals="0" methods="0" coveredmethods="0"/>
      </file>
    </package>
    <package name="src.components">
      <metrics statements="11" coveredstatements="10" conditionals="0" coveredconditionals="0" methods="6" coveredmethods="5"/>
      <file name="Products.jsx" path="/home/ubuntu/environment/microservices/bike-app/src/components/Products.jsx">
        <metrics statements="2" coveredstatements="2" conditionals="0" coveredconditionals="0" methods="1" coveredmethods="1"/>
        <line num="5" count="1" type="stmt"/>
        <line num="7" count="5" type="stmt"/>
      </file>
      <file name="Services.jsx" path="/home/ubuntu/environment/microservices/bike-app/src/components/Services.jsx">
        <metrics statements="2" coveredstatements="2" conditionals="0" coveredconditionals="0" methods="1" coveredmethods="1"/>
        <line num="11" count="1" type="stmt"/>
        <line num="12" count="4" type="stmt"/>
      </file>
      <file name="Sidebar.jsx" path="/home/ubuntu/environment/microservices/bike-app/src/components/Sidebar.jsx">
        <metrics statements="7" coveredstatements="6" conditionals="0" coveredconditionals="0" methods="4" coveredmethods="3"/>
        <line num="10" count="1" type="stmt"/>
        <line num="11" count="4" type="stmt"/>
        <line num="13" count="1" type="stmt"/>
        <line num="18" count="4" type="stmt"/>
        <line num="55" count="0" type="stmt"/>
        <line num="56" count="1" type="stmt"/>
        <line num="63" count="1" type="stmt"/>
      </file>
    </package>
  </project>
</coverage>
