{"/home/ubuntu/environment/microservices/bike-app/src/App.css": {"path":"/home/ubuntu/environment/microservices/bike-app/src/App.css","statementMap":{},"fnMap":{},"branchMap":{},"s":{},"f":{},"b":{},"meta":{"lastBranch":0,"lastFunction":0,"lastStatement":0,"seen":{}}}
,"/home/ubuntu/environment/microservices/bike-app/src/App.jsx": {"path":"/home/ubuntu/environment/microservices/bike-app/src/App.jsx","statementMap":{"0":{"start":{"line":14,"column":22},"end":{"line":14,"column":56}},"1":{"start":{"line":16,"column":8},"end":{"line":20,"column":null}},"2":{"start":{"line":17,"column":4},"end":{"line":18,"column":null}},"3":{"start":{"line":18,"column":6},"end":{"line":18,"column":null}},"4":{"start":{"line":20,"column":4},"end":{"line":20,"column":null}},"5":{"start":{"line":23,"column":8},"end":{"line":28,"column":null}},"6":{"start":{"line":24,"column":4},"end":{"line":26,"column":null}},"7":{"start":{"line":25,"column":6},"end":{"line":25,"column":null}},"8":{"start":{"line":26,"column":6},"end":{"line":26,"column":null}},"9":{"start":{"line":28,"column":4},"end":{"line":28,"column":null}},"10":{"start":{"line":31,"column":2},"end":{"line":59,"column":null}}},"fnMap":{"0":{"name":"App","decl":{"start":{"line":13,"column":9},"end":{"line":13,"column":15}},"loc":{"start":{"line":13,"column":15},"end":{"line":59,"column":null}},"line":13},"1":{"name":"(anonymous_1)","decl":{"start":{"line":16,"column":8},"end":{"line":16,"column":26}},"loc":{"start":{"line":16,"column":40},"end":{"line":20,"column":null}},"line":16},"2":{"name":"(anonymous_2)","decl":{"start":{"line":23,"column":8},"end":{"line":23,"column":35}},"loc":{"start":{"line":23,"column":45},"end":{"line":28,"column":null}},"line":23}},"branchMap":{"0":{"loc":{"start":{"line":17,"column":4},"end":{"line":18,"column":null}},"type":"if","locations":[{"start":{"line":17,"column":4},"end":{"line":18,"column":null}},{"start":{},"end":{}}],"line":17},"1":{"loc":{"start":{"line":20,"column":11},"end":{"line":20,"column":null}},"type":"cond-expr","locations":[{"start":{"line":20,"column":36},"end":{"line":20,"column":47}},{"start":{"line":20,"column":47},"end":{"line":20,"column":null}}],"line":20},"2":{"loc":{"start":{"line":24,"column":4},"end":{"line":26,"column":null}},"type":"if","locations":[{"start":{"line":24,"column":4},"end":{"line":26,"column":null}},{"start":{},"end":{}}],"line":24},"3":{"loc":{"start":{"line":24,"column":8},"end":{"line":24,"column":47}},"type":"binary-expr","locations":[{"start":{"line":24,"column":8},"end":{"line":24,"column":28}},{"start":{"line":24,"column":28},"end":{"line":24,"column":47}}],"line":24},"4":{"loc":{"start":{"line":36,"column":37},"end":{"line":36,"column":98}},"type":"cond-expr","locations":[{"start":{"line":36,"column":62},"end":{"line":36,"column":81}},{"start":{"line":36,"column":81},"end":{"line":36,"column":98}}],"line":36}},"s":{"0":4,"1":4,"2":4,"3":0,"4":4,"5":4,"6":1,"7":0,"8":0,"9":1,"10":4},"f":{"0":4,"1":4,"2":1},"b":{"0":[0,4],"1":[3,1],"2":[0,1],"3":[1,1],"4":[3,1]},"meta":{"lastBranch":5,"lastFunction":3,"lastStatement":11,"seen":{"f:13:9:13:15":0,"s:14:22:14:56":0,"s:16:8:20:Infinity":1,"f:16:8:16:26":1,"b:17:4:18:Infinity:undefined:undefined:undefined:undefined":0,"s:17:4:18:Infinity":2,"s:18:6:18:Infinity":3,"s:20:4:20:Infinity":4,"b:20:36:20:47:20:47:20:Infinity":1,"s:23:8:28:Infinity":5,"f:23:8:23:35":2,"b:24:4:26:Infinity:undefined:undefined:undefined:undefined":2,"s:24:4:26:Infinity":6,"b:24:8:24:28:24:28:24:47":3,"s:25:6:25:Infinity":7,"s:26:6:26:Infinity":8,"s:28:4:28:Infinity":9,"s:31:2:59:Infinity":10,"b:36:62:36:81:36:81:36:98":4}}}
,"/home/ubuntu/environment/microservices/bike-app/src/assets/images/biking-outdoors.jpeg": {"path":"/home/ubuntu/environment/microservices/bike-app/src/assets/images/biking-outdoors.jpeg","statementMap":{},"fnMap":{},"branchMap":{},"s":{},"f":{},"b":{},"meta":{"lastBranch":0,"lastFunction":0,"lastStatement":0,"seen":{}}}
,"/home/ubuntu/environment/microservices/bike-app/src/assets/images/cassette.jpeg": {"path":"/home/ubuntu/environment/microservices/bike-app/src/assets/images/cassette.jpeg","statementMap":{},"fnMap":{},"branchMap":{},"s":{},"f":{},"b":{},"meta":{"lastBranch":0,"lastFunction":0,"lastStatement":0,"seen":{}}}
,"/home/ubuntu/environment/microservices/bike-app/src/assets/images/chain.jpeg": {"path":"/home/ubuntu/environment/microservices/bike-app/src/assets/images/chain.jpeg","statementMap":{},"fnMap":{},"branchMap":{},"s":{},"f":{},"b":{},"meta":{"lastBranch":0,"lastFunction":0,"lastStatement":0,"seen":{}}}
,"/home/ubuntu/environment/microservices/bike-app/src/assets/images/crank-arm.jpeg": {"path":"/home/ubuntu/environment/microservices/bike-app/src/assets/images/crank-arm.jpeg","statementMap":{},"fnMap":{},"branchMap":{},"s":{},"f":{},"b":{},"meta":{"lastBranch":0,"lastFunction":0,"lastStatement":0,"seen":{}}}
,"/home/ubuntu/environment/microservices/bike-app/src/assets/images/logo-black.png": {"path":"/home/ubuntu/environment/microservices/bike-app/src/assets/images/logo-black.png","statementMap":{},"fnMap":{},"branchMap":{},"s":{},"f":{},"b":{},"meta":{"lastBranch":0,"lastFunction":0,"lastStatement":0,"seen":{}}}
,"/home/ubuntu/environment/microservices/bike-app/src/assets/images/logo-white.png": {"path":"/home/ubuntu/environment/microservices/bike-app/src/assets/images/logo-white.png","statementMap":{},"fnMap":{},"branchMap":{},"s":{},"f":{},"b":{},"meta":{"lastBranch":0,"lastFunction":0,"lastStatement":0,"seen":{}}}
,"/home/ubuntu/environment/microservices/bike-app/src/assets/images/map.jpeg": {"path":"/home/ubuntu/environment/microservices/bike-app/src/assets/images/map.jpeg","statementMap":{},"fnMap":{},"branchMap":{},"s":{},"f":{},"b":{},"meta":{"lastBranch":0,"lastFunction":0,"lastStatement":0,"seen":{}}}
,"/home/ubuntu/environment/microservices/bike-app/src/assets/images/repair.jpeg": {"path":"/home/ubuntu/environment/microservices/bike-app/src/assets/images/repair.jpeg","statementMap":{},"fnMap":{},"branchMap":{},"s":{},"f":{},"b":{},"meta":{"lastBranch":0,"lastFunction":0,"lastStatement":0,"seen":{}}}
,"/home/ubuntu/environment/microservices/bike-app/src/assets/images/specialist.png": {"path":"/home/ubuntu/environment/microservices/bike-app/src/assets/images/specialist.png","statementMap":{},"fnMap":{},"branchMap":{},"s":{},"f":{},"b":{},"meta":{"lastBranch":0,"lastFunction":0,"lastStatement":0,"seen":{}}}
,"/home/ubuntu/environment/microservices/bike-app/src/components/Products.jsx": {"path":"/home/ubuntu/environment/microservices/bike-app/src/components/Products.jsx","statementMap":{"0":{"start":{"line":5,"column":6},"end":{"line":26,"column":null}},"1":{"start":{"line":7,"column":4},"end":{"line":26,"column":null}}},"fnMap":{"0":{"name":"(anonymous_0)","decl":{"start":{"line":5,"column":6},"end":{"line":5,"column":23}},"loc":{"start":{"line":5,"column":23},"end":{"line":26,"column":null}},"line":5}},"branchMap":{},"s":{"0":1,"1":5},"f":{"0":5},"b":{},"meta":{"lastBranch":0,"lastFunction":1,"lastStatement":2,"seen":{"s:5:6:26:Infinity":0,"f:5:6:5:23":0,"s:7:4:26:Infinity":1}}}
,"/home/ubuntu/environment/microservices/bike-app/src/components/Services.jsx": {"path":"/home/ubuntu/environment/microservices/bike-app/src/components/Services.jsx","statementMap":{"0":{"start":{"line":11,"column":6},"end":{"line":50,"column":null}},"1":{"start":{"line":12,"column":2},"end":{"line":50,"column":null}}},"fnMap":{"0":{"name":"(anonymous_0)","decl":{"start":{"line":11,"column":6},"end":{"line":11,"column":23}},"loc":{"start":{"line":11,"column":23},"end":{"line":50,"column":null}},"line":11}},"branchMap":{},"s":{"0":1,"1":4},"f":{"0":4},"b":{},"meta":{"lastBranch":0,"lastFunction":1,"lastStatement":2,"seen":{"s:11:6:50:Infinity":0,"f:11:6:11:23":0,"s:12:2:50:Infinity":1}}}
,"/home/ubuntu/environment/microservices/bike-app/src/components/Sidebar.jsx": {"path":"/home/ubuntu/environment/microservices/bike-app/src/components/Sidebar.jsx","statementMap":{"0":{"start":{"line":10,"column":6},"end":{"line":56,"column":null}},"1":{"start":{"line":11,"column":8},"end":{"line":15,"column":null}},"2":{"start":{"line":13,"column":6},"end":{"line":13,"column":null}},"3":{"start":{"line":18,"column":2},"end":{"line":56,"column":null}},"4":{"start":{"line":55,"column":62},"end":{"line":55,"column":86}},"5":{"start":{"line":56,"column":62},"end":{"line":56,"column":87}},"6":{"start":{"line":63,"column":0},"end":{"line":65,"column":null}}},"fnMap":{"0":{"name":"(anonymous_0)","decl":{"start":{"line":10,"column":6},"end":{"line":10,"column":17}},"loc":{"start":{"line":10,"column":40},"end":{"line":56,"column":null}},"line":10},"1":{"name":"(anonymous_1)","decl":{"start":{"line":11,"column":27},"end":{"line":11,"column":null}},"loc":{"start":{"line":12,"column":15},"end":{"line":15,"column":5}},"line":12},"2":{"name":"(anonymous_2)","decl":{"start":{"line":55,"column":47},"end":{"line":55,"column":62}},"loc":{"start":{"line":55,"column":62},"end":{"line":55,"column":86}},"line":55},"3":{"name":"(anonymous_3)","decl":{"start":{"line":56,"column":47},"end":{"line":56,"column":62}},"loc":{"start":{"line":56,"column":62},"end":{"line":56,"column":87}},"line":56}},"branchMap":{},"s":{"0":1,"1":4,"2":1,"3":4,"4":0,"5":1,"6":1},"f":{"0":4,"1":1,"2":0,"3":1},"b":{},"meta":{"lastBranch":0,"lastFunction":4,"lastStatement":7,"seen":{"s:10:6:56:Infinity":0,"f:10:6:10:17":0,"s:11:8:15:Infinity":1,"f:11:27:11:Infinity":1,"s:13:6:13:Infinity":2,"s:18:2:56:Infinity":3,"f:55:47:55:62":2,"s:55:62:55:86":4,"f:56:47:56:62":3,"s:56:62:56:87":5,"s:63:0:65:Infinity":6}}}
}
